;  LST file generated by mikroListExporter - v.2.0 
; Date/Time: 1/19/2022 2:19:24 PM
;----------------------------------------------

;Address Opcode 	ASM
0x0000	0x2AAE      	GOTO       686
_interrupt:
0x0004	0x00FF      	MOVWF      R15
0x0005	0x0E03      	SWAPF      STATUS, 0
0x0006	0x0183      	CLRF       STATUS
0x0007	0x00AC      	MOVWF      ___saveSTATUS
0x0008	0x080A      	MOVF       PCLATH, 0
0x0009	0x00AD      	MOVWF      ___savePCLATH
0x000A	0x018A      	CLRF       PCLATH
0x000B	0x0870      	MOVF       R0, 0
0x000C	0x00A3      	MOVWF      35
0x000D	0x0871      	MOVF       R1, 0
0x000E	0x00A2      	MOVWF      34
0x000F	0x0872      	MOVF       R2, 0
0x0010	0x00A1      	MOVWF      33
;MyProject.c,9 :: 		void interrupt(void){
;MyProject.c,10 :: 		if(INTCON&0x04){// will get here every 1ms
0x0011	0x1D0B      	BTFSS      INTCON, 2
0x0012	0x2853      	GOTO       L_interrupt0
;MyProject.c,11 :: 		if (NDFiveS == 5000){
0x0013	0x0825      	MOVF       _NDFiveS+1, 0
0x0014	0x3A13      	XORLW      19
0x0015	0x1D03      	BTFSS      STATUS, 2
0x0016	0x2819      	GOTO       L__interrupt30
0x0017	0x3088      	MOVLW      136
0x0018	0x0624      	XORWF      _NDFiveS, 0
L__interrupt30:
0x0019	0x1D03      	BTFSS      STATUS, 2
0x001A	0x284C      	GOTO       L_interrupt1
;MyProject.c,13 :: 		if(!(PORTB & 0x10)) {   // first case => Sensor in the front sees the white line RB4=0
0x001B	0x1A06      	BTFSC      PORTB, 4
0x001C	0x2834      	GOTO       L_interrupt2
;MyProject.c,17 :: 		PORTB = PORTB & 0x0A;          //Turn off RB0 and RB2
0x001D	0x300A      	MOVLW      10
0x001E	0x0586      	ANDWF      PORTB, 1
;MyProject.c,18 :: 		PORTB = PORTB | 0x0A;          //Turn on RB1 and RB3
0x001F	0x300A      	MOVLW      10
0x0020	0x0486      	IORWF      PORTB, 1
;MyProject.c,20 :: 		CCPR1L = 60;      // left motor goes (back) with (half) speed
0x0021	0x303C      	MOVLW      60
0x0022	0x0095      	MOVWF      CCPR1L
;MyProject.c,21 :: 		CCPR2L = 75;      // right motor goes (back) with (full) speed
0x0023	0x304B      	MOVLW      75
0x0024	0x009B      	MOVWF      CCPR2L
;MyProject.c,23 :: 		i=0;
0x0025	0x01F1      	CLRF       R1
0x0026	0x01F2      	CLRF       R1+1
;MyProject.c,24 :: 		while (i<2000){
L_interrupt3:
0x0027	0x3007      	MOVLW      7
0x0028	0x0272      	SUBWF      R1+1, 0
0x0029	0x1D03      	BTFSS      STATUS, 2
0x002A	0x282D      	GOTO       L__interrupt31
0x002B	0x30D0      	MOVLW      208
0x002C	0x0271      	SUBWF      R1, 0
L__interrupt31:
0x002D	0x1803      	BTFSC      STATUS, 0
0x002E	0x2833      	GOTO       L_interrupt4
;MyProject.c,25 :: 		i++;
0x002F	0x0AF1      	INCF       R1, 1
0x0030	0x1903      	BTFSC      STATUS, 2
0x0031	0x0AF2      	INCF       R1+1, 1
;MyProject.c,26 :: 		}
0x0032	0x2827      	GOTO       L_interrupt3
L_interrupt4:
;MyProject.c,27 :: 		}
0x0033	0x284C      	GOTO       L_interrupt5
L_interrupt2:
;MyProject.c,28 :: 		else if(!(PORTB & 0x20) ){    // second case => Sensor in the back sees the white line     RB5=0
0x0034	0x1A86      	BTFSC      PORTB, 5
0x0035	0x284C      	GOTO       L_interrupt6
;MyProject.c,33 :: 		PORTB = PORTB & 0x05;          //Turn off RB1 and RB3
0x0036	0x3005      	MOVLW      5
0x0037	0x0586      	ANDWF      PORTB, 1
;MyProject.c,34 :: 		PORTB = PORTB | 0x05;          //Turn on RB0 and RB2
0x0038	0x3005      	MOVLW      5
0x0039	0x0486      	IORWF      PORTB, 1
;MyProject.c,36 :: 		CCPR1L = 75;       // left motor goes (front) with (full) speed
0x003A	0x304B      	MOVLW      75
0x003B	0x0095      	MOVWF      CCPR1L
;MyProject.c,37 :: 		CCPR2L = 75;       // right motor goes (front) with (full) speed
0x003C	0x304B      	MOVLW      75
0x003D	0x009B      	MOVWF      CCPR2L
;MyProject.c,38 :: 		i=0;
0x003E	0x01F1      	CLRF       R1
0x003F	0x01F2      	CLRF       R1+1
;MyProject.c,39 :: 		while (i<2000){
L_interrupt7:
0x0040	0x3007      	MOVLW      7
0x0041	0x0272      	SUBWF      R1+1, 0
0x0042	0x1D03      	BTFSS      STATUS, 2
0x0043	0x2846      	GOTO       L__interrupt32
0x0044	0x30D0      	MOVLW      208
0x0045	0x0271      	SUBWF      R1, 0
L__interrupt32:
0x0046	0x1803      	BTFSC      STATUS, 0
0x0047	0x284C      	GOTO       L_interrupt8
;MyProject.c,40 :: 		i++;
0x0048	0x0AF1      	INCF       R1, 1
0x0049	0x1903      	BTFSC      STATUS, 2
0x004A	0x0AF2      	INCF       R1+1, 1
;MyProject.c,41 :: 		}
0x004B	0x2840      	GOTO       L_interrupt7
L_interrupt8:
;MyProject.c,42 :: 		}
L_interrupt6:
L_interrupt5:
;MyProject.c,43 :: 		}
L_interrupt1:
;MyProject.c,44 :: 		TMR0=248;
0x004C	0x30F8      	MOVLW      248
0x004D	0x0081      	MOVWF      TMR0
;MyProject.c,45 :: 		Mcntr++;
0x004E	0x0AA6      	INCF       _Mcntr, 1
0x004F	0x1903      	BTFSC      STATUS, 2
0x0050	0x0AA7      	INCF       _Mcntr+1, 1
;MyProject.c,46 :: 		INTCON = INTCON & 0xFB; //clear T0IF
0x0051	0x30FB      	MOVLW      251
0x0052	0x058B      	ANDWF      INTCON, 1
;MyProject.c,47 :: 		}
L_interrupt0:
;MyProject.c,48 :: 		}
L_end_interrupt:
L__interrupt29:
0x0053	0x0823      	MOVF       35, 0
0x0054	0x00F0      	MOVWF      R0
0x0055	0x0822      	MOVF       34, 0
0x0056	0x00F1      	MOVWF      R1
0x0057	0x0821      	MOVF       33, 0
0x0058	0x00F2      	MOVWF      R2
0x0059	0x082D      	MOVF       ___savePCLATH, 0
0x005A	0x008A      	MOVWF      PCLATH
0x005B	0x0E2C      	SWAPF      ___saveSTATUS, 0
0x005C	0x0083      	MOVWF      STATUS
0x005D	0x0EFF      	SWAPF      R15, 1
0x005E	0x0E7F      	SWAPF      R15, 0
0x005F	0x0009      	RETFIE
; end of _interrupt
_RES032:
;__Lib_MathDouble.c,123 :: 		
;__Lib_MathDouble.c,128 :: 		
0x0060	0x01F2      	CLRF       R2
;__Lib_MathDouble.c,129 :: 		
0x0061	0x01F1      	CLRF       R1
;__Lib_MathDouble.c,130 :: 		
0x0062	0x01F0      	CLRF       R0
;__Lib_MathDouble.c,131 :: 		
0x0063	0x01F8      	CLRF       R8
;__Lib_MathDouble.c,132 :: 		
0x0064	0x01F3      	CLRF       R3
;__Lib_MathDouble.c,133 :: 		
0x0065	0x3000      	MOVLW      0
;__Lib_MathDouble.c,135 :: 		
L_end_RES032:
0x0066	0x0008      	RETURN
; end of _RES032
_SETFUN32:
;__Lib_MathDouble.c,138 :: 		
;__Lib_MathDouble.c,145 :: 		
0x0067	0x157B      	BSF        R11, 2
;__Lib_MathDouble.c,146 :: 		
0x0068	0x1FFB      	BTFSS      R11, 7
;__Lib_MathDouble.c,147 :: 		
0x0069	0x2871      	GOTO       SETFUN32EEE
;__Lib_MathDouble.c,148 :: 		
0x006A	0x3001      	MOVLW      1
;__Lib_MathDouble.c,149 :: 		
0x006B	0x00F3      	MOVWF      R3
;__Lib_MathDouble.c,150 :: 		
0x006C	0x01F2      	CLRF       R2
;__Lib_MathDouble.c,151 :: 		
0x006D	0x01F1      	CLRF       R1
;__Lib_MathDouble.c,152 :: 		
0x006E	0x01F0      	CLRF       R0
;__Lib_MathDouble.c,153 :: 		
0x006F	0x0DFA      	RLF        R10, 1
;__Lib_MathDouble.c,154 :: 		
0x0070	0x0CF2      	RRF        R2, 1
;__Lib_MathDouble.c,155 :: 		
SETFUN32EEE:
;__Lib_MathDouble.c,156 :: 		
0x0071	0x30FF      	MOVLW      255
;__Lib_MathDouble.c,158 :: 		
L_end_SETFUN32:
0x0072	0x0008      	RETURN
; end of _SETFUN32
_FIXSIGN32:
;__Lib_MathDouble.c,112 :: 		
;__Lib_MathDouble.c,116 :: 		
0x0073	0x1FFA      	BTFSS      R10, 7
;__Lib_MathDouble.c,117 :: 		
0x0074	0x13F2      	BCF        R2, 7
;__Lib_MathDouble.c,118 :: 		
0x0075	0x3000      	MOVLW      0
;__Lib_MathDouble.c,120 :: 		
L_end_FIXSIGN32:
0x0076	0x0008      	RETURN
; end of _FIXSIGN32
_SETFDZ32:
;__Lib_MathDouble.c,102 :: 		
;__Lib_MathDouble.c,105 :: 		
0x0077	0x15FB      	BSF        R11, 3
;__Lib_MathDouble.c,106 :: 		
0x0078	0x30FF      	MOVLW      255
;__Lib_MathDouble.c,108 :: 		
L_end_SETFDZ32:
0x0079	0x0008      	RETURN
; end of _SETFDZ32
_NRM3232:
;__Lib_MathDouble.c,167 :: 		
;__Lib_MathDouble.c,173 :: 		
;__Lib_MathDouble.c,175 :: 		
0x007A	0x01A0      	CLRF       __math_tempbD
;__Lib_MathDouble.c,176 :: 		
0x007B	0x0872      	MOVF       R2, 0
;__Lib_MathDouble.c,177 :: 		
0x007C	0x1D03      	BTFSS      STATUS, 2
;__Lib_MathDouble.c,178 :: 		
0x007D	0x288F      	GOTO       NORM3232
;__Lib_MathDouble.c,179 :: 		
0x007E	0x0871      	MOVF       R1, 0
;__Lib_MathDouble.c,180 :: 		
0x007F	0x00F2      	MOVWF      R2
;__Lib_MathDouble.c,181 :: 		
0x0080	0x0870      	MOVF       R0, 0
;__Lib_MathDouble.c,182 :: 		
0x0081	0x00F1      	MOVWF      R1
;__Lib_MathDouble.c,183 :: 		
0x0082	0x01F0      	CLRF       R0
;__Lib_MathDouble.c,184 :: 		
0x0083	0x15A0      	BSF        __math_tempbD, 3
;__Lib_MathDouble.c,186 :: 		
0x0084	0x0872      	MOVF       R2, 0
;__Lib_MathDouble.c,187 :: 		
0x0085	0x1D03      	BTFSS      STATUS, 2
;__Lib_MathDouble.c,188 :: 		
0x0086	0x288F      	GOTO       NORM3232
;__Lib_MathDouble.c,189 :: 		
0x0087	0x0871      	MOVF       R1, 0
;__Lib_MathDouble.c,190 :: 		
0x0088	0x00F2      	MOVWF      R2
;__Lib_MathDouble.c,191 :: 		
0x0089	0x01F1      	CLRF       R1
;__Lib_MathDouble.c,192 :: 		
0x008A	0x11A0      	BCF        __math_tempbD, 3
;__Lib_MathDouble.c,193 :: 		
0x008B	0x1620      	BSF        __math_tempbD, 4
;__Lib_MathDouble.c,195 :: 		
0x008C	0x0872      	MOVF       R2, 0
;__Lib_MathDouble.c,196 :: 		
0x008D	0x1903      	BTFSC      STATUS, 2
;__Lib_MathDouble.c,197 :: 		
0x008E	0x289D      	GOTO       JPNRES032
;__Lib_MathDouble.c,198 :: 		
NORM3232:
;__Lib_MathDouble.c,199 :: 		
0x008F	0x0820      	MOVF       __math_tempbD, 0
;__Lib_MathDouble.c,200 :: 		
0x0090	0x02F3      	SUBWF      R3, 1
;__Lib_MathDouble.c,201 :: 		
0x0091	0x1D03      	BTFSS      STATUS, 2
;__Lib_MathDouble.c,202 :: 		
0x0092	0x1C03      	BTFSS      STATUS, 0
;__Lib_MathDouble.c,203 :: 		
0x0093	0x28A1      	GOTO       JPNSETFUN32
;__Lib_MathDouble.c,204 :: 		
0x0094	0x1003      	BCF        STATUS, 0
;__Lib_MathDouble.c,205 :: 		
NORM3232A:
;__Lib_MathDouble.c,206 :: 		
0x0095	0x1BF2      	BTFSC      R2, 7
;__Lib_MathDouble.c,207 :: 		
0x0096	0x28A5      	GOTO       JMPNFIXSIGN32
;__Lib_MathDouble.c,208 :: 		
0x0097	0x0DF0      	RLF        R0, 1
;__Lib_MathDouble.c,209 :: 		
0x0098	0x0DF1      	RLF        R1, 1
;__Lib_MathDouble.c,210 :: 		
0x0099	0x0DF2      	RLF        R2, 1
;__Lib_MathDouble.c,211 :: 		
0x009A	0x0BF3      	DECFSZ     R3, 1
;__Lib_MathDouble.c,212 :: 		
0x009B	0x2895      	GOTO       NORM3232A
;__Lib_MathDouble.c,213 :: 		
0x009C	0x28A1      	GOTO       JPNSETFUN32
;__Lib_MathDouble.c,214 :: 		
JPNRES032:
;__Lib_MathDouble.c,215 :: 		
0x009D	0x3001      	MOVLW      1
;__Lib_MathDouble.c,216 :: 		
0x009E	0x00FC      	MOVWF      R12
;__Lib_MathDouble.c,218 :: 		
0x009F	0x2060      	CALL       _RES032
;__Lib_MathDouble.c,220 :: 		
0x00A0	0x28A8      	GOTO       NORM32EEE
;__Lib_MathDouble.c,221 :: 		
JPNSETFUN32:
;__Lib_MathDouble.c,222 :: 		
0x00A1	0x3002      	MOVLW      2
;__Lib_MathDouble.c,223 :: 		
0x00A2	0x00FC      	MOVWF      R12
;__Lib_MathDouble.c,225 :: 		
0x00A3	0x2067      	CALL       _SETFUN32
;__Lib_MathDouble.c,227 :: 		
0x00A4	0x28A8      	GOTO       NORM32EEE
;__Lib_MathDouble.c,228 :: 		
JMPNFIXSIGN32:
;__Lib_MathDouble.c,229 :: 		
0x00A5	0x3004      	MOVLW      4
;__Lib_MathDouble.c,230 :: 		
0x00A6	0x00FC      	MOVWF      R12
;__Lib_MathDouble.c,232 :: 		
0x00A7	0x2073      	CALL       _FIXSIGN32
;__Lib_MathDouble.c,234 :: 		
NORM32EEE:
;__Lib_MathDouble.c,236 :: 		
L_end_NRM3232:
0x00A8	0x0008      	RETURN
; end of _NRM3232
_SETFOV32:
;__Lib_MathDouble.c,79 :: 		
;__Lib_MathDouble.c,86 :: 		
0x00A9	0x14FB      	BSF        R11, 1
;__Lib_MathDouble.c,87 :: 		
0x00AA	0x1FFB      	BTFSS      R11, 7
;__Lib_MathDouble.c,88 :: 		
0x00AB	0x28B3      	GOTO       SETFOV32EEE
;__Lib_MathDouble.c,89 :: 		
0x00AC	0x30FF      	MOVLW      255
;__Lib_MathDouble.c,90 :: 		
0x00AD	0x00F3      	MOVWF      R3
;__Lib_MathDouble.c,91 :: 		
0x00AE	0x00F2      	MOVWF      R2
;__Lib_MathDouble.c,92 :: 		
0x00AF	0x00F1      	MOVWF      R1
;__Lib_MathDouble.c,93 :: 		
0x00B0	0x00F0      	MOVWF      R0
;__Lib_MathDouble.c,94 :: 		
0x00B1	0x0DFA      	RLF        R10, 1
;__Lib_MathDouble.c,95 :: 		
0x00B2	0x0CF2      	RRF        R2, 1
;__Lib_MathDouble.c,96 :: 		
SETFOV32EEE:
;__Lib_MathDouble.c,97 :: 		
0x00B3	0x30FF      	MOVLW      255
;__Lib_MathDouble.c,99 :: 		
L_end_SETFOV32:
0x00B4	0x0008      	RETURN
; end of _SETFOV32
_SETIOV3224:
;__Lib_MathDouble.c,1000 :: 		
;__Lib_MathDouble.c,1006 :: 		
0x00B5	0x147B      	BSF        R11, 0
;__Lib_MathDouble.c,1007 :: 		
0x00B6	0x1FFB      	BTFSS      R11, 7
;__Lib_MathDouble.c,1008 :: 		
0x00B7	0x28C0      	GOTO       SETIOV3224EEE
;__Lib_MathDouble.c,1010 :: 		
0x00B8	0x01F2      	CLRF       R2
;__Lib_MathDouble.c,1011 :: 		
0x00B9	0x1FFA      	BTFSS      R10, 7
;__Lib_MathDouble.c,1012 :: 		
0x00BA	0x30FF      	MOVLW      255
;__Lib_MathDouble.c,1013 :: 		
0x00BB	0x00F2      	MOVWF      R2
;__Lib_MathDouble.c,1014 :: 		
0x00BC	0x00F1      	MOVWF      R1
;__Lib_MathDouble.c,1015 :: 		
0x00BD	0x00F0      	MOVWF      R0
;__Lib_MathDouble.c,1016 :: 		
0x00BE	0x0DFA      	RLF        R10, 1
;__Lib_MathDouble.c,1017 :: 		
0x00BF	0x0CF2      	RRF        R2, 1
;__Lib_MathDouble.c,1018 :: 		
SETIOV3224EEE:
;__Lib_MathDouble.c,1019 :: 		
0x00C0	0x30FF      	MOVLW      255
;__Lib_MathDouble.c,1021 :: 		
L_end_SETIOV3224:
0x00C1	0x0008      	RETURN
; end of _SETIOV3224
_double2word:
;__Lib_MathDouble.c,1529 :: 		
;__Lib_MathDouble.c,1536 :: 		
0x00C2	0x1283      	BCF        STATUS, 5
;__Lib_MathDouble.c,1537 :: 		
0x00C3	0x1303      	BCF        STATUS, 6
;__Lib_MathDouble.c,1539 :: 		
0x00C4	0x01FB      	CLRF       R11
;__Lib_MathDouble.c,1540 :: 		
0x00C5	0x01FC      	CLRF       R12
;__Lib_MathDouble.c,1541 :: 		
0x00C6	0x01FA      	CLRF       R10
;__Lib_MathDouble.c,1543 :: 		
0x00C7	0x0873      	MOVF       R3, 0
;__Lib_MathDouble.c,1544 :: 		
0x00C8	0x1903      	BTFSC      STATUS, 2
;__Lib_MathDouble.c,1545 :: 		
0x00C9	0x2901      	GOTO       IRES016U
;__Lib_MathDouble.c,1547 :: 		
0x00CA	0x17F2      	BSF        R2, 7
;__Lib_MathDouble.c,1549 :: 		
0x00CB	0x308E      	MOVLW      142
;__Lib_MathDouble.c,1550 :: 		
0x00CC	0x02F3      	SUBWF      R3, 1
;__Lib_MathDouble.c,1551 :: 		
0x00CD	0x1BF3      	BTFSC      R3, 7
;__Lib_MathDouble.c,1552 :: 		
0x00CE	0x28D2      	GOTO       SETEXP16U
;__Lib_MathDouble.c,1553 :: 		
0x00CF	0x1903      	BTFSC      STATUS, 2
;__Lib_MathDouble.c,1554 :: 		
0x00D0	0x28D2      	GOTO       SETEXP16U
;__Lib_MathDouble.c,1555 :: 		
0x00D1	0x2904      	GOTO       SETIOV16U
;__Lib_MathDouble.c,1556 :: 		
SETEXP16U:
;__Lib_MathDouble.c,1557 :: 		
0x00D2	0x09F3      	COMF       R3, 1
;__Lib_MathDouble.c,1558 :: 		
0x00D3	0x0AF3      	INCF       R3, 1
;__Lib_MathDouble.c,1560 :: 		
0x00D4	0x3008      	MOVLW      8
;__Lib_MathDouble.c,1561 :: 		
0x00D5	0x0273      	SUBWF      R3, 0
;__Lib_MathDouble.c,1562 :: 		
0x00D6	0x1C03      	BTFSS      STATUS, 0
;__Lib_MathDouble.c,1563 :: 		
0x00D7	0x28E7      	GOTO       TSHIFT3216U
;__Lib_MathDouble.c,1564 :: 		
0x00D8	0x00F3      	MOVWF      R3
;__Lib_MathDouble.c,1565 :: 		
0x00D9	0x0DF1      	RLF        R1, 1
;__Lib_MathDouble.c,1566 :: 		
0x00DA	0x0872      	MOVF       R2, 0
;__Lib_MathDouble.c,1567 :: 		
0x00DB	0x00F1      	MOVWF      R1
;__Lib_MathDouble.c,1568 :: 		
0x00DC	0x01F2      	CLRF       R2
;__Lib_MathDouble.c,1570 :: 		
0x00DD	0x3008      	MOVLW      8
;__Lib_MathDouble.c,1571 :: 		
0x00DE	0x0273      	SUBWF      R3, 0
;__Lib_MathDouble.c,1572 :: 		
0x00DF	0x1C03      	BTFSS      STATUS, 0
;__Lib_MathDouble.c,1573 :: 		
0x00E0	0x28E7      	GOTO       TSHIFT3216U
;__Lib_MathDouble.c,1574 :: 		
0x00E1	0x0DF1      	RLF        R1, 1
;__Lib_MathDouble.c,1575 :: 		
0x00E2	0x01F1      	CLRF       R1
;__Lib_MathDouble.c,1577 :: 		
0x00E3	0x0873      	MOVF       R3, 0
;__Lib_MathDouble.c,1578 :: 		
0x00E4	0x1D03      	BTFSS      STATUS, 2
;__Lib_MathDouble.c,1579 :: 		
0x00E5	0x1003      	BCF        STATUS, 0
;__Lib_MathDouble.c,1580 :: 		
0x00E6	0x28EF      	GOTO       SHIFT3216UOK
;__Lib_MathDouble.c,1581 :: 		
TSHIFT3216U:
;__Lib_MathDouble.c,1582 :: 		
0x00E7	0x0873      	MOVF       R3, 0
;__Lib_MathDouble.c,1583 :: 		
0x00E8	0x1903      	BTFSC      STATUS, 2
;__Lib_MathDouble.c,1584 :: 		
0x00E9	0x28EF      	GOTO       SHIFT3216UOK
;__Lib_MathDouble.c,1585 :: 		
SHIFT3216U:
;__Lib_MathDouble.c,1586 :: 		
0x00EA	0x1003      	BCF        STATUS, 0
;__Lib_MathDouble.c,1587 :: 		
0x00EB	0x0CF2      	RRF        R2, 1
;__Lib_MathDouble.c,1588 :: 		
0x00EC	0x0CF1      	RRF        R1, 1
;__Lib_MathDouble.c,1589 :: 		
0x00ED	0x0BF3      	DECFSZ     R3, 1
;__Lib_MathDouble.c,1590 :: 		
0x00EE	0x28EA      	GOTO       SHIFT3216U
;__Lib_MathDouble.c,1591 :: 		
SHIFT3216UOK:
;__Lib_MathDouble.c,1592 :: 		
0x00EF	0x1B7B      	BTFSC      R11, 6
;__Lib_MathDouble.c,1593 :: 		
0x00F0	0x1C71      	BTFSS      R1, 0
;__Lib_MathDouble.c,1594 :: 		
0x00F1	0x28F9      	GOTO       INT3216UOK
;__Lib_MathDouble.c,1595 :: 		
0x00F2	0x1C03      	BTFSS      STATUS, 0
;__Lib_MathDouble.c,1596 :: 		
0x00F3	0x28F9      	GOTO       INT3216UOK
;__Lib_MathDouble.c,1597 :: 		
0x00F4	0x0AF1      	INCF       R1, 1
;__Lib_MathDouble.c,1598 :: 		
0x00F5	0x1903      	BTFSC      STATUS, 2
;__Lib_MathDouble.c,1599 :: 		
0x00F6	0x0AF2      	INCF       R2, 1
;__Lib_MathDouble.c,1600 :: 		
0x00F7	0x1BF2      	BTFSC      R2, 7
;__Lib_MathDouble.c,1601 :: 		
0x00F8	0x2910      	GOTO       JPKSETIOV3224
;__Lib_MathDouble.c,1602 :: 		
INT3216UOK:
;__Lib_MathDouble.c,1603 :: 		
0x00F9	0x1FFA      	BTFSS      R10, 7
;__Lib_MathDouble.c,1604 :: 		
0x00FA	0x2913      	GOTO       INT3216UEOK
;__Lib_MathDouble.c,1606 :: 		
0x00FB	0x09F2      	COMF       R2, 1
;__Lib_MathDouble.c,1607 :: 		
0x00FC	0x09F1      	COMF       R1, 1
;__Lib_MathDouble.c,1608 :: 		
0x00FD	0x0AF1      	INCF       R1, 1
;__Lib_MathDouble.c,1609 :: 		
0x00FE	0x1903      	BTFSC      STATUS, 2
;__Lib_MathDouble.c,1610 :: 		
0x00FF	0x0AF2      	INCF       R2, 1
;__Lib_MathDouble.c,1611 :: 		
0x0100	0x2913      	GOTO       INT3216UEOK
;__Lib_MathDouble.c,1613 :: 		
IRES016U:
;__Lib_MathDouble.c,1614 :: 		
0x0101	0x01F2      	CLRF       R2
;__Lib_MathDouble.c,1615 :: 		
0x0102	0x01F1      	CLRF       R1
;__Lib_MathDouble.c,1616 :: 		
0x0103	0x2913      	GOTO       INT3216UEOK
;__Lib_MathDouble.c,1617 :: 		
SETIOV16U:
;__Lib_MathDouble.c,1618 :: 		
0x0104	0x147B      	BSF        R11, 0
;__Lib_MathDouble.c,1619 :: 		
0x0105	0x1FFB      	BTFSS      R11, 7
;__Lib_MathDouble.c,1620 :: 		
0x0106	0x2916      	GOTO       INT3216UEER
;__Lib_MathDouble.c,1622 :: 		
0x0107	0x01F2      	CLRF       R2
;__Lib_MathDouble.c,1623 :: 		
0x0108	0x1FFA      	BTFSS      R10, 7
;__Lib_MathDouble.c,1624 :: 		
0x0109	0x2916      	GOTO       INT3216UEER
;__Lib_MathDouble.c,1625 :: 		
0x010A	0x30FF      	MOVLW      255
;__Lib_MathDouble.c,1626 :: 		
0x010B	0x00F2      	MOVWF      R2
;__Lib_MathDouble.c,1627 :: 		
0x010C	0x00F1      	MOVWF      R1
;__Lib_MathDouble.c,1628 :: 		
0x010D	0x0DFA      	RLF        R10, 1
;__Lib_MathDouble.c,1629 :: 		
0x010E	0x0CF2      	RRF        R2, 1
;__Lib_MathDouble.c,1630 :: 		
0x010F	0x2916      	GOTO       INT3216UEER
;__Lib_MathDouble.c,1632 :: 		
JPKSETIOV3224:
;__Lib_MathDouble.c,1633 :: 		
0x0110	0x3001      	MOVLW      1
;__Lib_MathDouble.c,1634 :: 		
0x0111	0x00FC      	MOVWF      R12
;__Lib_MathDouble.c,1635 :: 		
0x0112	0x2918      	GOTO       INT3216UEEE
;__Lib_MathDouble.c,1636 :: 		
INT3216UEOK:
;__Lib_MathDouble.c,1637 :: 		
0x0113	0x3000      	MOVLW      0
;__Lib_MathDouble.c,1638 :: 		
0x0114	0x00FC      	MOVWF      R12
;__Lib_MathDouble.c,1639 :: 		
0x0115	0x2918      	GOTO       INT3216UEEE
;__Lib_MathDouble.c,1640 :: 		
INT3216UEER:
;__Lib_MathDouble.c,1641 :: 		
0x0116	0x30FF      	MOVLW      255
;__Lib_MathDouble.c,1642 :: 		
0x0117	0x00FC      	MOVWF      R12
;__Lib_MathDouble.c,1643 :: 		
INT3216UEEE:
;__Lib_MathDouble.c,1646 :: 		
0x0118	0x08FC      	MOVF       R12, 1
;__Lib_MathDouble.c,1648 :: 		
0x0119	0x1903      	BTFSC      STATUS, 2
;__Lib_MathDouble.c,1649 :: 		
0x011A	0x291C      	GOTO       L_Double2Word_0
;__Lib_MathDouble.c,1651 :: 		
0x011B	0x20B5      	CALL       _SETIOV3224
;__Lib_MathDouble.c,1653 :: 		
L_Double2Word_0:
;__Lib_MathDouble.c,1654 :: 		
0x011C	0x0871      	MOVF       R1, 0
;__Lib_MathDouble.c,1655 :: 		
0x011D	0x00F0      	MOVWF      R0
;__Lib_MathDouble.c,1656 :: 		
0x011E	0x0872      	MOVF       R2, 0
;__Lib_MathDouble.c,1657 :: 		
0x011F	0x00F1      	MOVWF      R1
;__Lib_MathDouble.c,1660 :: 		
L_end_double2word:
0x0120	0x0008      	RETURN
; end of _double2word
_word2double:
;__Lib_MathDouble.c,1862 :: 		
;__Lib_MathDouble.c,1868 :: 		
0x0121	0x1283      	BCF        STATUS, 5
;__Lib_MathDouble.c,1869 :: 		
0x0122	0x1303      	BCF        STATUS, 6
;__Lib_MathDouble.c,1870 :: 		
0x0123	0x0870      	MOVF       R0, 0
;__Lib_MathDouble.c,1871 :: 		
0x0124	0x00F8      	MOVWF      R8
;__Lib_MathDouble.c,1872 :: 		
0x0125	0x0871      	MOVF       R1, 0
;__Lib_MathDouble.c,1873 :: 		
0x0126	0x00F0      	MOVWF      R0
;__Lib_MathDouble.c,1874 :: 		
0x0127	0x01F1      	CLRF       R1
;__Lib_MathDouble.c,1875 :: 		
0x0128	0x01F2      	CLRF       R2
;__Lib_MathDouble.c,1876 :: 		
0x0129	0x01F3      	CLRF       R3
;__Lib_MathDouble.c,1879 :: 		
0x012A	0x01FB      	CLRF       R11
;__Lib_MathDouble.c,1880 :: 		
0x012B	0x01FC      	CLRF       R12
;__Lib_MathDouble.c,1882 :: 		
0x012C	0x3096      	MOVLW      150
;__Lib_MathDouble.c,1883 :: 		
0x012D	0x00F3      	MOVWF      R3
;__Lib_MathDouble.c,1884 :: 		
0x012E	0x01FA      	CLRF       R10
;__Lib_MathDouble.c,1886 :: 		
0x012F	0x0870      	MOVF       R0, 0
;__Lib_MathDouble.c,1887 :: 		
0x0130	0x00F1      	MOVWF      R1
;__Lib_MathDouble.c,1888 :: 		
0x0131	0x0878      	MOVF       R8, 0
;__Lib_MathDouble.c,1889 :: 		
0x0132	0x00F0      	MOVWF      R0
;__Lib_MathDouble.c,1890 :: 		
0x0133	0x01F8      	CLRF       R8
;__Lib_MathDouble.c,1891 :: 		
0x0134	0x01F2      	CLRF       R2
;__Lib_MathDouble.c,1893 :: 		
0x0135	0x207A      	CALL       _NRM3232
;__Lib_MathDouble.c,1894 :: 		
L_end_word2double:
0x0136	0x0008      	RETURN
; end of _word2double
_myDelay_ms:
;MyProject.c,148 :: 		void myDelay_ms(unsigned int millisec){
;MyProject.c,149 :: 		Mcntr =0;
0x0137	0x1283      	BCF        STATUS, 5
0x0138	0x1303      	BCF        STATUS, 6
0x0139	0x01A6      	CLRF       _Mcntr
0x013A	0x01A7      	CLRF       _Mcntr+1
;MyProject.c,150 :: 		while(Mcntr<millisec);
L_myDelay_ms24:
0x013B	0x082F      	MOVF       FARG_myDelay_ms_millisec+1, 0
0x013C	0x0227      	SUBWF      _Mcntr+1, 0
0x013D	0x1D03      	BTFSS      STATUS, 2
0x013E	0x2941      	GOTO       L__myDelay_ms39
0x013F	0x082E      	MOVF       FARG_myDelay_ms_millisec, 0
0x0140	0x0226      	SUBWF      _Mcntr, 0
L__myDelay_ms39:
0x0141	0x1803      	BTFSC      STATUS, 0
0x0142	0x2944      	GOTO       L_myDelay_ms25
0x0143	0x293B      	GOTO       L_myDelay_ms24
L_myDelay_ms25:
;MyProject.c,151 :: 		if (millisec == 5000){
0x0144	0x082F      	MOVF       FARG_myDelay_ms_millisec+1, 0
0x0145	0x3A13      	XORLW      19
0x0146	0x1D03      	BTFSS      STATUS, 2
0x0147	0x294A      	GOTO       L__myDelay_ms40
0x0148	0x3088      	MOVLW      136
0x0149	0x062E      	XORWF      FARG_myDelay_ms_millisec, 0
L__myDelay_ms40:
0x014A	0x1D03      	BTFSS      STATUS, 2
0x014B	0x2950      	GOTO       L_myDelay_ms26
;MyProject.c,152 :: 		NDFiveS = 5000;
0x014C	0x3088      	MOVLW      136
0x014D	0x00A4      	MOVWF      _NDFiveS
0x014E	0x3013      	MOVLW      19
0x014F	0x00A5      	MOVWF      _NDFiveS+1
;MyProject.c,153 :: 		}
L_myDelay_ms26:
;MyProject.c,154 :: 		}
L_end_myDelay_ms:
0x0150	0x0008      	RETURN
; end of _myDelay_ms
_Div_32x32_FP:
;__Lib_MathDouble.c,761 :: 		
;__Lib_MathDouble.c,773 :: 		
;__Lib_MathDouble.c,776 :: 		
0x0151	0x1283      	BCF        STATUS, 5
0x0152	0x1303      	BCF        STATUS, 6
0x0153	0x0874      	MOVF       R4, 0
0x0154	0x3A00      	XORLW      0
0x0155	0x1D03      	BTFSS      STATUS, 2
0x0156	0x296C      	GOTO       L_Div_32x32_FP7
;__Lib_MathDouble.c,777 :: 		
0x0157	0x0875      	MOVF       R5, 0
0x0158	0x3A00      	XORLW      0
0x0159	0x1D03      	BTFSS      STATUS, 2
0x015A	0x296C      	GOTO       L_Div_32x32_FP8
;__Lib_MathDouble.c,778 :: 		
0x015B	0x0876      	MOVF       R6, 0
0x015C	0x3A00      	XORLW      0
0x015D	0x1D03      	BTFSS      STATUS, 2
0x015E	0x296C      	GOTO       L_Div_32x32_FP9
;__Lib_MathDouble.c,779 :: 		
0x015F	0x0877      	MOVF       R7, 0
0x0160	0x3A00      	XORLW      0
0x0161	0x1D03      	BTFSS      STATUS, 2
0x0162	0x296C      	GOTO       L_Div_32x32_FP10
;__Lib_MathDouble.c,780 :: 		
0x0163	0x30FF      	MOVLW      255
0x0164	0x00F0      	MOVWF      R0
;__Lib_MathDouble.c,781 :: 		
0x0165	0x30FF      	MOVLW      255
0x0166	0x00F1      	MOVWF      R1
;__Lib_MathDouble.c,782 :: 		
0x0167	0x307F      	MOVLW      127
0x0168	0x00F2      	MOVWF      R2
;__Lib_MathDouble.c,783 :: 		
0x0169	0x30FF      	MOVLW      255
0x016A	0x00F3      	MOVWF      R3
;__Lib_MathDouble.c,784 :: 		
0x016B	0x2A07      	GOTO       L_end_Div_32x32_FP
;__Lib_MathDouble.c,785 :: 		
L_Div_32x32_FP10:
L_Div_32x32_FP9:
L_Div_32x32_FP8:
L_Div_32x32_FP7:
;__Lib_MathDouble.c,788 :: 		
0x016C	0x1283      	BCF        STATUS, 5
;__Lib_MathDouble.c,789 :: 		
0x016D	0x1303      	BCF        STATUS, 6
;__Lib_MathDouble.c,791 :: 		
0x016E	0x0877      	MOVF       R7, 0
;__Lib_MathDouble.c,792 :: 		
0x016F	0x1903      	BTFSC      STATUS, 2
;__Lib_MathDouble.c,793 :: 		
0x0170	0x29FB      	GOTO       JPDSETFDZ32
;__Lib_MathDouble.c,795 :: 		
0x0171	0x0873      	MOVF       R3, 0
;__Lib_MathDouble.c,796 :: 		
0x0172	0x1903      	BTFSC      STATUS, 2
;__Lib_MathDouble.c,797 :: 		
0x0173	0x29FE      	GOTO       JPDRES032
;__Lib_MathDouble.c,799 :: 		
0x0174	0x0872      	MOVF       R2, 0
;__Lib_MathDouble.c,800 :: 		
0x0175	0x0676      	XORWF      R6, 0
;__Lib_MathDouble.c,801 :: 		
0x0176	0x3980      	ANDLW      128
;__Lib_MathDouble.c,802 :: 		
0x0177	0x00FA      	MOVWF      R10
;__Lib_MathDouble.c,803 :: 		
0x0178	0x17F2      	BSF        R2, 7
;__Lib_MathDouble.c,804 :: 		
0x0179	0x17F6      	BSF        R6, 7
;__Lib_MathDouble.c,806 :: 		
0x017A	0x01A0      	CLRF       __math_tempbD
;__Lib_MathDouble.c,807 :: 		
0x017B	0x0872      	MOVF       R2, 0
;__Lib_MathDouble.c,808 :: 		
0x017C	0x00F8      	MOVWF      R8
;__Lib_MathDouble.c,809 :: 		
0x017D	0x0871      	MOVF       R1, 0
;__Lib_MathDouble.c,810 :: 		
0x017E	0x00FC      	MOVWF      R12
;__Lib_MathDouble.c,811 :: 		
0x017F	0x0870      	MOVF       R0, 0
;__Lib_MathDouble.c,812 :: 		
0x0180	0x00FD      	MOVWF      R13
;__Lib_MathDouble.c,814 :: 		
0x0181	0x0874      	MOVF       R4, 0
;__Lib_MathDouble.c,815 :: 		
0x0182	0x02FD      	SUBWF      R13, 1
;__Lib_MathDouble.c,816 :: 		
0x0183	0x0875      	MOVF       R5, 0
;__Lib_MathDouble.c,817 :: 		
0x0184	0x1C03      	BTFSS      STATUS, 0
;__Lib_MathDouble.c,818 :: 		
0x0185	0x0F75      	INCFSZ     R5, 0
;__Lib_MathDouble.c,820 :: 		
0x0186	0x02FC      	SUBWF      R12, 1
;__Lib_MathDouble.c,821 :: 		
0x0187	0x0876      	MOVF       R6, 0
;__Lib_MathDouble.c,822 :: 		
0x0188	0x1C03      	BTFSS      STATUS, 0
;__Lib_MathDouble.c,823 :: 		
0x0189	0x0F76      	INCFSZ     R6, 0
;__Lib_MathDouble.c,825 :: 		
0x018A	0x02F8      	SUBWF      R8, 1
;__Lib_MathDouble.c,826 :: 		
0x018B	0x01F8      	CLRF       R8
;__Lib_MathDouble.c,827 :: 		
0x018C	0x01FC      	CLRF       R12
;__Lib_MathDouble.c,828 :: 		
0x018D	0x01FD      	CLRF       R13
;__Lib_MathDouble.c,829 :: 		
0x018E	0x1C03      	BTFSS      STATUS, 0
;__Lib_MathDouble.c,830 :: 		
0x018F	0x2997      	GOTO       DALIGN32OK
;__Lib_MathDouble.c,832 :: 		
0x0190	0x1003      	BCF        STATUS, 0
;__Lib_MathDouble.c,833 :: 		
0x0191	0x0CF2      	RRF        R2, 1
;__Lib_MathDouble.c,834 :: 		
0x0192	0x0CF1      	RRF        R1, 1
;__Lib_MathDouble.c,835 :: 		
0x0193	0x0CF0      	RRF        R0, 1
;__Lib_MathDouble.c,836 :: 		
0x0194	0x0CF8      	RRF        R8, 1
;__Lib_MathDouble.c,837 :: 		
0x0195	0x3001      	MOVLW      1
;__Lib_MathDouble.c,838 :: 		
0x0196	0x00A0      	MOVWF      __math_tempbD
;__Lib_MathDouble.c,839 :: 		
DALIGN32OK:
;__Lib_MathDouble.c,840 :: 		
0x0197	0x0877      	MOVF       R7, 0
;__Lib_MathDouble.c,841 :: 		
0x0198	0x02F3      	SUBWF      R3, 1
;__Lib_MathDouble.c,842 :: 		
0x0199	0x1C03      	BTFSS      STATUS, 0
;__Lib_MathDouble.c,843 :: 		
0x019A	0x29A1      	GOTO       ALTB32
;__Lib_MathDouble.c,845 :: 		
0x019B	0x307E      	MOVLW      126
;__Lib_MathDouble.c,846 :: 		
0x019C	0x0720      	ADDWF      __math_tempbD, 0
;__Lib_MathDouble.c,847 :: 		
0x019D	0x07F3      	ADDWF      R3, 1
;__Lib_MathDouble.c,848 :: 		
0x019E	0x1803      	BTFSC      STATUS, 0
;__Lib_MathDouble.c,849 :: 		
0x019F	0x2A01      	GOTO       JPDSETFOV32
;__Lib_MathDouble.c,850 :: 		
0x01A0	0x29A6      	GOTO       DARGOK32
;__Lib_MathDouble.c,851 :: 		
ALTB32:
;__Lib_MathDouble.c,852 :: 		
0x01A1	0x307E      	MOVLW      126
;__Lib_MathDouble.c,853 :: 		
0x01A2	0x0720      	ADDWF      __math_tempbD, 0
;__Lib_MathDouble.c,854 :: 		
0x01A3	0x07F3      	ADDWF      R3, 1
;__Lib_MathDouble.c,855 :: 		
0x01A4	0x1C03      	BTFSS      STATUS, 0
;__Lib_MathDouble.c,856 :: 		
0x01A5	0x2A04      	GOTO       JPDSETFUN32
;__Lib_MathDouble.c,857 :: 		
DARGOK32:
;__Lib_MathDouble.c,858 :: 		
0x01A6	0x3018      	MOVLW      24
;__Lib_MathDouble.c,860 :: 		
0x01A7	0x07FA      	ADDWF      R10, 1
;__Lib_MathDouble.c,861 :: 		
DLOOP32:
;__Lib_MathDouble.c,862 :: 		
0x01A8	0x0DFD      	RLF        R13, 1
;__Lib_MathDouble.c,863 :: 		
0x01A9	0x0DFC      	RLF        R12, 1
;__Lib_MathDouble.c,864 :: 		
0x01AA	0x0DF8      	RLF        R8, 1
;__Lib_MathDouble.c,865 :: 		
0x01AB	0x0DF0      	RLF        R0, 1
;__Lib_MathDouble.c,866 :: 		
0x01AC	0x0DF1      	RLF        R1, 1
;__Lib_MathDouble.c,867 :: 		
0x01AD	0x0DF2      	RLF        R2, 1
;__Lib_MathDouble.c,868 :: 		
0x01AE	0x0DA0      	RLF        __math_tempbD, 1
;__Lib_MathDouble.c,870 :: 		
0x01AF	0x0874      	MOVF       R4, 0
;__Lib_MathDouble.c,871 :: 		
0x01B0	0x02F0      	SUBWF      R0, 1
;__Lib_MathDouble.c,872 :: 		
0x01B1	0x0875      	MOVF       R5, 0
;__Lib_MathDouble.c,873 :: 		
0x01B2	0x1C03      	BTFSS      STATUS, 0
;__Lib_MathDouble.c,874 :: 		
0x01B3	0x0F75      	INCFSZ     R5, 0
;__Lib_MathDouble.c,876 :: 		
0x01B4	0x02F1      	SUBWF      R1, 1
;__Lib_MathDouble.c,877 :: 		
0x01B5	0x0876      	MOVF       R6, 0
;__Lib_MathDouble.c,878 :: 		
0x01B6	0x1C03      	BTFSS      STATUS, 0
;__Lib_MathDouble.c,879 :: 		
0x01B7	0x0F76      	INCFSZ     R6, 0
;__Lib_MathDouble.c,881 :: 		
0x01B8	0x02F2      	SUBWF      R2, 1
;__Lib_MathDouble.c,882 :: 		
0x01B9	0x0D76      	RLF        R6, 0
;__Lib_MathDouble.c,883 :: 		
0x01BA	0x04A0      	IORWF      __math_tempbD, 1
;__Lib_MathDouble.c,884 :: 		
0x01BB	0x1C20      	BTFSS      __math_tempbD, 0
;__Lib_MathDouble.c,885 :: 		
0x01BC	0x29BF      	GOTO       DREST32
;__Lib_MathDouble.c,886 :: 		
0x01BD	0x147D      	BSF        R13, 0
;__Lib_MathDouble.c,887 :: 		
0x01BE	0x29CA      	GOTO       DOK32
;__Lib_MathDouble.c,888 :: 		
DREST32:
;__Lib_MathDouble.c,889 :: 		
0x01BF	0x0874      	MOVF       R4, 0
;__Lib_MathDouble.c,890 :: 		
0x01C0	0x07F0      	ADDWF      R0, 1
;__Lib_MathDouble.c,891 :: 		
0x01C1	0x0875      	MOVF       R5, 0
;__Lib_MathDouble.c,892 :: 		
0x01C2	0x1803      	BTFSC      STATUS, 0
;__Lib_MathDouble.c,893 :: 		
0x01C3	0x0F75      	INCFSZ     R5, 0
;__Lib_MathDouble.c,895 :: 		
0x01C4	0x07F1      	ADDWF      R1, 1
;__Lib_MathDouble.c,896 :: 		
0x01C5	0x0876      	MOVF       R6, 0
;__Lib_MathDouble.c,897 :: 		
0x01C6	0x1803      	BTFSC      STATUS, 0
;__Lib_MathDouble.c,898 :: 		
0x01C7	0x0A76      	INCF       R6, 0
;__Lib_MathDouble.c,899 :: 		
0x01C8	0x07F2      	ADDWF      R2, 1
;__Lib_MathDouble.c,900 :: 		
0x01C9	0x107D      	BCF        R13, 0
;__Lib_MathDouble.c,901 :: 		
DOK32:
;__Lib_MathDouble.c,903 :: 		
0x01CA	0x03FA      	DECF       R10, 1
;__Lib_MathDouble.c,904 :: 		
0x01CB	0x301F      	MOVLW      31
;__Lib_MathDouble.c,905 :: 		
0x01CC	0x057A      	ANDWF      R10, 0
;__Lib_MathDouble.c,906 :: 		
0x01CD	0x1D03      	BTFSS      STATUS, 2
;__Lib_MathDouble.c,907 :: 		
0x01CE	0x29A8      	GOTO       DLOOP32
;__Lib_MathDouble.c,909 :: 		
0x01CF	0x1B7B      	BTFSC      R11, 6
;__Lib_MathDouble.c,910 :: 		
0x01D0	0x1C7D      	BTFSS      R13, 0
;__Lib_MathDouble.c,911 :: 		
0x01D1	0x29F1      	GOTO       DIV32OK
;__Lib_MathDouble.c,912 :: 		
0x01D2	0x1003      	BCF        STATUS, 0
;__Lib_MathDouble.c,913 :: 		
0x01D3	0x0DF0      	RLF        R0, 1
;__Lib_MathDouble.c,914 :: 		
0x01D4	0x0DF1      	RLF        R1, 1
;__Lib_MathDouble.c,915 :: 		
0x01D5	0x0DF2      	RLF        R2, 1
;__Lib_MathDouble.c,916 :: 		
0x01D6	0x0DA0      	RLF        __math_tempbD, 1
;__Lib_MathDouble.c,918 :: 		
0x01D7	0x0874      	MOVF       R4, 0
;__Lib_MathDouble.c,919 :: 		
0x01D8	0x02F0      	SUBWF      R0, 1
;__Lib_MathDouble.c,920 :: 		
0x01D9	0x0875      	MOVF       R5, 0
;__Lib_MathDouble.c,921 :: 		
0x01DA	0x1C03      	BTFSS      STATUS, 0
;__Lib_MathDouble.c,922 :: 		
0x01DB	0x0F75      	INCFSZ     R5, 0
;__Lib_MathDouble.c,923 :: 		
0x01DC	0x02F1      	SUBWF      R1, 1
;__Lib_MathDouble.c,924 :: 		
0x01DD	0x0876      	MOVF       R6, 0
;__Lib_MathDouble.c,925 :: 		
0x01DE	0x1C03      	BTFSS      STATUS, 0
;__Lib_MathDouble.c,926 :: 		
0x01DF	0x0F76      	INCFSZ     R6, 0
;__Lib_MathDouble.c,927 :: 		
0x01E0	0x02F2      	SUBWF      R2, 1
;__Lib_MathDouble.c,928 :: 		
0x01E1	0x0D76      	RLF        R6, 0
;__Lib_MathDouble.c,929 :: 		
0x01E2	0x0420      	IORWF      __math_tempbD, 0
;__Lib_MathDouble.c,930 :: 		
0x01E3	0x3901      	ANDLW      1
;__Lib_MathDouble.c,931 :: 		
0x01E4	0x07FD      	ADDWF      R13, 1
;__Lib_MathDouble.c,932 :: 		
0x01E5	0x1803      	BTFSC      STATUS, 0
;__Lib_MathDouble.c,933 :: 		
0x01E6	0x0AFC      	INCF       R12, 1
;__Lib_MathDouble.c,934 :: 		
0x01E7	0x1903      	BTFSC      STATUS, 2
;__Lib_MathDouble.c,935 :: 		
0x01E8	0x0AF8      	INCF       R8, 1
;__Lib_MathDouble.c,936 :: 		
0x01E9	0x1D03      	BTFSS      STATUS, 2
;__Lib_MathDouble.c,937 :: 		
0x01EA	0x29F1      	GOTO       DIV32OK
;__Lib_MathDouble.c,938 :: 		
0x01EB	0x0CF8      	RRF        R8, 1
;__Lib_MathDouble.c,939 :: 		
0x01EC	0x0CFC      	RRF        R12, 1
;__Lib_MathDouble.c,940 :: 		
0x01ED	0x0CFD      	RRF        R13, 1
;__Lib_MathDouble.c,941 :: 		
0x01EE	0x0AF3      	INCF       R3, 1
;__Lib_MathDouble.c,942 :: 		
0x01EF	0x1903      	BTFSC      STATUS, 2
;__Lib_MathDouble.c,943 :: 		
0x01F0	0x2A01      	GOTO       JPDSETFOV32
;__Lib_MathDouble.c,944 :: 		
DIV32OK:
;__Lib_MathDouble.c,945 :: 		
0x01F1	0x1FFA      	BTFSS      R10, 7
;__Lib_MathDouble.c,946 :: 		
0x01F2	0x13F8      	BCF        R8, 7
;__Lib_MathDouble.c,947 :: 		
0x01F3	0x0878      	MOVF       R8, 0
;__Lib_MathDouble.c,948 :: 		
0x01F4	0x00F2      	MOVWF      R2
;__Lib_MathDouble.c,949 :: 		
0x01F5	0x087C      	MOVF       R12, 0
;__Lib_MathDouble.c,950 :: 		
0x01F6	0x00F1      	MOVWF      R1
;__Lib_MathDouble.c,951 :: 		
0x01F7	0x087D      	MOVF       R13, 0
;__Lib_MathDouble.c,952 :: 		
0x01F8	0x00F0      	MOVWF      R0
;__Lib_MathDouble.c,954 :: 		
0x01F9	0x3000      	MOVLW      0
;__Lib_MathDouble.c,956 :: 		
0x01FA	0x2A06      	GOTO       DIV32EEE
;__Lib_MathDouble.c,957 :: 		
JPDSETFDZ32:
;__Lib_MathDouble.c,958 :: 		
0x01FB	0x3001      	MOVLW      1
;__Lib_MathDouble.c,961 :: 		
0x01FC	0x2077      	CALL       _SETFDZ32
;__Lib_MathDouble.c,963 :: 		
0x01FD	0x2A06      	GOTO       DIV32EEE
;__Lib_MathDouble.c,964 :: 		
JPDRES032:
;__Lib_MathDouble.c,965 :: 		
0x01FE	0x3002      	MOVLW      2
;__Lib_MathDouble.c,968 :: 		
0x01FF	0x2060      	CALL       _RES032
;__Lib_MathDouble.c,970 :: 		
0x0200	0x2A06      	GOTO       DIV32EEE
;__Lib_MathDouble.c,971 :: 		
JPDSETFOV32:
;__Lib_MathDouble.c,972 :: 		
0x0201	0x3004      	MOVLW      4
;__Lib_MathDouble.c,975 :: 		
0x0202	0x20A9      	CALL       _SETFOV32
;__Lib_MathDouble.c,977 :: 		
0x0203	0x2A06      	GOTO       DIV32EEE
;__Lib_MathDouble.c,978 :: 		
JPDSETFUN32:
;__Lib_MathDouble.c,979 :: 		
0x0204	0x3008      	MOVLW      8
;__Lib_MathDouble.c,982 :: 		
0x0205	0x2067      	CALL       _SETFUN32
;__Lib_MathDouble.c,984 :: 		
DIV32EEE:
;__Lib_MathDouble.c,985 :: 		
0x0206	0x0000      	NOP
;__Lib_MathDouble.c,994 :: 		
L_end_Div_32x32_FP:
0x0207	0x0008      	RETURN
; end of _Div_32x32_FP
_____DoICP:
;__Lib_System.c,6 :: 		
;__Lib_System.c,9 :: 		
0x0208	0x1283      	BCF        STATUS, 5
0x0209	0x1303      	BCF        STATUS, 6
0x020A	0x082B      	MOVF       ___DoICPAddr+1, 0
0x020B	0x008A      	MOVWF      PCLATH
;__Lib_System.c,10 :: 		
0x020C	0x082A      	MOVF       ___DoICPAddr, 0
0x020D	0x0082      	MOVWF      PCL
;__Lib_System.c,12 :: 		
L_end_____DoICP:
0x020E	0x0008      	RETURN
; end of _____DoICP
_Dcmotor:
;MyProject.c,79 :: 		void Dcmotor(void){
;MyProject.c,82 :: 		if(!(PORTB & 0x10)) {   // first case => Sensor in the front sees the white line RB4=0
0x020F	0x1283      	BCF        STATUS, 5
0x0210	0x1303      	BCF        STATUS, 6
0x0211	0x1A06      	BTFSC      PORTB, 4
0x0212	0x2A21      	GOTO       L_Dcmotor11
;MyProject.c,86 :: 		PORTB = PORTB & 0x0A;          //Turn off RB0 and RB2
0x0213	0x300A      	MOVLW      10
0x0214	0x0586      	ANDWF      PORTB, 1
;MyProject.c,87 :: 		PORTB = PORTB | 0x0A;          //Turn on RB1 and RB3
0x0215	0x300A      	MOVLW      10
0x0216	0x0486      	IORWF      PORTB, 1
;MyProject.c,89 :: 		CCPR1L = 60;      // left motor goes (back) with (half) speed
0x0217	0x303C      	MOVLW      60
0x0218	0x0095      	MOVWF      CCPR1L
;MyProject.c,90 :: 		CCPR2L = 75;      // right motor goes (back) with (full) speed
0x0219	0x304B      	MOVLW      75
0x021A	0x009B      	MOVWF      CCPR2L
;MyProject.c,91 :: 		myDelay_ms(10000);
0x021B	0x3010      	MOVLW      16
0x021C	0x00AE      	MOVWF      FARG_myDelay_ms_millisec
0x021D	0x3027      	MOVLW      39
0x021E	0x00AF      	MOVWF      FARG_myDelay_ms_millisec+1
0x021F	0x2137      	CALL       _myDelay_ms
;MyProject.c,92 :: 		}
0x0220	0x2AA1      	GOTO       L_Dcmotor12
L_Dcmotor11:
;MyProject.c,93 :: 		else if(!(PORTB & 0x20) ){    // second case => Sensor in the back sees the white line     RB5=0
0x0221	0x1A86      	BTFSC      PORTB, 5
0x0222	0x2A31      	GOTO       L_Dcmotor13
;MyProject.c,98 :: 		PORTB = PORTB & 0x05;          //Turn off RB1 and RB3
0x0223	0x3005      	MOVLW      5
0x0224	0x0586      	ANDWF      PORTB, 1
;MyProject.c,99 :: 		PORTB = PORTB | 0x05;          //Turn on RB0 and RB2
0x0225	0x3005      	MOVLW      5
0x0226	0x0486      	IORWF      PORTB, 1
;MyProject.c,101 :: 		CCPR1L = 75;       // left motor goes (front) with (full) speed
0x0227	0x304B      	MOVLW      75
0x0228	0x0095      	MOVWF      CCPR1L
;MyProject.c,102 :: 		CCPR2L = 75;       // right motor goes (front) with (full) speed
0x0229	0x304B      	MOVLW      75
0x022A	0x009B      	MOVWF      CCPR2L
;MyProject.c,103 :: 		myDelay_ms(10000);
0x022B	0x3010      	MOVLW      16
0x022C	0x00AE      	MOVWF      FARG_myDelay_ms_millisec
0x022D	0x3027      	MOVLW      39
0x022E	0x00AF      	MOVWF      FARG_myDelay_ms_millisec+1
0x022F	0x2137      	CALL       _myDelay_ms
;MyProject.c,104 :: 		}
0x0230	0x2AA1      	GOTO       L_Dcmotor14
L_Dcmotor13:
;MyProject.c,108 :: 		TMR1H = 0;                  //Sets the Initial Value of Timer
0x0231	0x018F      	CLRF       TMR1H
;MyProject.c,109 :: 		TMR1L = 0;                  //Sets the Initial Value of Timer
0x0232	0x018E      	CLRF       TMR1L
;MyProject.c,111 :: 		PORTD = PORTD | 0x02;      // Turn on Trigger pulse
0x0233	0x1488      	BSF        PORTD, 1
;MyProject.c,112 :: 		myDelay_ms(1);
0x0234	0x3001      	MOVLW      1
0x0235	0x00AE      	MOVWF      FARG_myDelay_ms_millisec
0x0236	0x3000      	MOVLW      0
0x0237	0x00AF      	MOVWF      FARG_myDelay_ms_millisec+1
0x0238	0x2137      	CALL       _myDelay_ms
;MyProject.c,113 :: 		PORTD = PORTD & 0x00;      // Turn off Trigger pulse
0x0239	0x3000      	MOVLW      0
0x023A	0x0588      	ANDWF      PORTD, 1
;MyProject.c,115 :: 		Mcntr = 0;
0x023B	0x01A6      	CLRF       _Mcntr
0x023C	0x01A7      	CLRF       _Mcntr+1
;MyProject.c,116 :: 		while(!(PORTD & 0x01)){    // if the echo pulse still don't receive a signal
L_Dcmotor15:
0x023D	0x1808      	BTFSC      PORTD, 0
0x023E	0x2A49      	GOTO       L_Dcmotor16
;MyProject.c,117 :: 		if (Mcntr > 2){
0x023F	0x0827      	MOVF       _Mcntr+1, 0
0x0240	0x3C00      	SUBLW      0
0x0241	0x1D03      	BTFSS      STATUS, 2
0x0242	0x2A45      	GOTO       L__Dcmotor35
0x0243	0x0826      	MOVF       _Mcntr, 0
0x0244	0x3C02      	SUBLW      2
L__Dcmotor35:
0x0245	0x1803      	BTFSC      STATUS, 0
0x0246	0x2A48      	GOTO       L_Dcmotor17
;MyProject.c,118 :: 		break;
0x0247	0x2A49      	GOTO       L_Dcmotor16
;MyProject.c,119 :: 		}
L_Dcmotor17:
;MyProject.c,120 :: 		}
0x0248	0x2A3D      	GOTO       L_Dcmotor15
L_Dcmotor16:
;MyProject.c,121 :: 		T1CON = T1CON & 0x11;//timer start
0x0249	0x3011      	MOVLW      17
0x024A	0x0590      	ANDWF      T1CON, 1
;MyProject.c,122 :: 		while(PORTD & 0x01);       //  wait for the ehco pulse to stop rceiving the signal
L_Dcmotor18:
0x024B	0x1C08      	BTFSS      PORTD, 0
0x024C	0x2A4E      	GOTO       L_Dcmotor19
0x024D	0x2A4B      	GOTO       L_Dcmotor18
L_Dcmotor19:
;MyProject.c,123 :: 		T1CON = T1CON & 0x10;//timer end
0x024E	0x3010      	MOVLW      16
0x024F	0x0590      	ANDWF      T1CON, 1
;MyProject.c,125 :: 		Distance = (TMR1L | (TMR1H<<8));   //Reads Timer Value
0x0250	0x080F      	MOVF       TMR1H, 0
0x0251	0x00F1      	MOVWF      R0+1
0x0252	0x01F0      	CLRF       R0
0x0253	0x080E      	MOVF       TMR1L, 0
0x0254	0x04F0      	IORWF      R0, 1
0x0255	0x3000      	MOVLW      0
0x0256	0x04F1      	IORWF      R0+1, 1
0x0257	0x0870      	MOVF       R0, 0
0x0258	0x00A8      	MOVWF      _Distance
0x0259	0x0871      	MOVF       R0+1, 0
0x025A	0x00A9      	MOVWF      _Distance+1
;MyProject.c,126 :: 		Distance = Distance/58.82;                //Converts Time to Distance
0x025B	0x2121      	CALL       _word2double
0x025C	0x30AE      	MOVLW      174
0x025D	0x00F4      	MOVWF      R4
0x025E	0x3047      	MOVLW      71
0x025F	0x00F5      	MOVWF      R4+1
0x0260	0x306B      	MOVLW      107
0x0261	0x00F6      	MOVWF      R4+2
0x0262	0x3084      	MOVLW      132
0x0263	0x00F7      	MOVWF      R4+3
0x0264	0x2151      	CALL       _Div_32x32_FP
0x0265	0x20C2      	CALL       _double2word
0x0266	0x0870      	MOVF       R0, 0
0x0267	0x00A8      	MOVWF      _Distance
0x0268	0x0871      	MOVF       R0+1, 0
0x0269	0x00A9      	MOVWF      _Distance+1
;MyProject.c,127 :: 		Distance = Distance + 1;                  //Distance Calibration
0x026A	0x0870      	MOVF       R0, 0
0x026B	0x3E01      	ADDLW      1
0x026C	0x00F2      	MOVWF      R2
0x026D	0x3000      	MOVLW      0
0x026E	0x1803      	BTFSC      STATUS, 0
0x026F	0x3E01      	ADDLW      1
0x0270	0x0771      	ADDWF      R0+1, 0
0x0271	0x00F3      	MOVWF      R2+1
0x0272	0x0872      	MOVF       R2, 0
0x0273	0x00A8      	MOVWF      _Distance
0x0274	0x0873      	MOVF       R2+1, 0
0x0275	0x00A9      	MOVWF      _Distance+1
;MyProject.c,129 :: 		if(Distance >= 2 && Distance <= 30)  {     // If the Distance between 2cm to 30cm
0x0276	0x3000      	MOVLW      0
0x0277	0x0273      	SUBWF      R2+1, 0
0x0278	0x1D03      	BTFSS      STATUS, 2
0x0279	0x2A7C      	GOTO       L__Dcmotor36
0x027A	0x3002      	MOVLW      2
0x027B	0x0272      	SUBWF      R2, 0
L__Dcmotor36:
0x027C	0x1C03      	BTFSS      STATUS, 0
0x027D	0x2A94      	GOTO       L_Dcmotor22
0x027E	0x0829      	MOVF       _Distance+1, 0
0x027F	0x3C00      	SUBLW      0
0x0280	0x1D03      	BTFSS      STATUS, 2
0x0281	0x2A84      	GOTO       L__Dcmotor37
0x0282	0x0828      	MOVF       _Distance, 0
0x0283	0x3C1E      	SUBLW      30
L__Dcmotor37:
0x0284	0x1C03      	BTFSS      STATUS, 0
0x0285	0x2A94      	GOTO       L_Dcmotor22
L__Dcmotor27:
;MyProject.c,130 :: 		PORTB = PORTB & 0x0A;          //Turn off RB0 and RB2
0x0286	0x300A      	MOVLW      10
0x0287	0x0586      	ANDWF      PORTB, 1
;MyProject.c,131 :: 		PORTB = PORTB | 0x0A;          //Turn on RB1 and RB3
0x0288	0x300A      	MOVLW      10
0x0289	0x0486      	IORWF      PORTB, 1
;MyProject.c,133 :: 		CCPR1L = 75;  // left motor goes (back) with (full) speed
0x028A	0x304B      	MOVLW      75
0x028B	0x0095      	MOVWF      CCPR1L
;MyProject.c,134 :: 		CCPR2L = 60;  // right motor goes (back) with (half) speed
0x028C	0x303C      	MOVLW      60
0x028D	0x009B      	MOVWF      CCPR2L
;MyProject.c,135 :: 		myDelay_ms(10000);
0x028E	0x3010      	MOVLW      16
0x028F	0x00AE      	MOVWF      FARG_myDelay_ms_millisec
0x0290	0x3027      	MOVLW      39
0x0291	0x00AF      	MOVWF      FARG_myDelay_ms_millisec+1
0x0292	0x2137      	CALL       _myDelay_ms
;MyProject.c,136 :: 		}
0x0293	0x2AA1      	GOTO       L_Dcmotor23
L_Dcmotor22:
;MyProject.c,138 :: 		PORTB = PORTB & 0x05;   //Turn off RB1 and RB3
0x0294	0x3005      	MOVLW      5
0x0295	0x0586      	ANDWF      PORTB, 1
;MyProject.c,139 :: 		PORTB = PORTB | 0x05;   //Turn on RB0 and RB2
0x0296	0x3005      	MOVLW      5
0x0297	0x0486      	IORWF      PORTB, 1
;MyProject.c,141 :: 		CCPR1L = 75;   // left motor goes (front) with (full) speed
0x0298	0x304B      	MOVLW      75
0x0299	0x0095      	MOVWF      CCPR1L
;MyProject.c,142 :: 		CCPR2L = 75;   // right motor goes (front) with (full) speed
0x029A	0x304B      	MOVLW      75
0x029B	0x009B      	MOVWF      CCPR2L
;MyProject.c,144 :: 		myDelay_ms(10000);
0x029C	0x3010      	MOVLW      16
0x029D	0x00AE      	MOVWF      FARG_myDelay_ms_millisec
0x029E	0x3027      	MOVLW      39
0x029F	0x00AF      	MOVWF      FARG_myDelay_ms_millisec+1
0x02A0	0x2137      	CALL       _myDelay_ms
;MyProject.c,145 :: 		}
L_Dcmotor23:
;MyProject.c,146 :: 		}
L_Dcmotor14:
L_Dcmotor12:
;MyProject.c,147 :: 		}
L_end_Dcmotor:
0x02A1	0x0008      	RETURN
; end of _Dcmotor
___CC2DW:
;__Lib_System.c,134 :: 		
;__Lib_System.c,137 :: 		
_CC2D_Loop1:
;__Lib_System.c,139 :: 		
0x02A2	0x2208      	CALL       _____DoICP
0x02A3	0x118A      	BCF        PCLATH, 3
0x02A4	0x120A      	BCF        PCLATH, 4
;__Lib_System.c,141 :: 		
0x02A5	0x0080      	MOVWF      INDF
;__Lib_System.c,142 :: 		
0x02A6	0x0A84      	INCF       FSR, 1
;__Lib_System.c,143 :: 		
0x02A7	0x0AAA      	INCF       ___DoICPAddr, 1
;__Lib_System.c,145 :: 		
0x02A8	0x1903      	BTFSC      STATUS, 2
;__Lib_System.c,146 :: 		
0x02A9	0x0AAB      	INCF       ___DoICPAddr+1, 1
;__Lib_System.c,147 :: 		
0x02AA	0x03F0      	DECF       R0, 1
;__Lib_System.c,149 :: 		
0x02AB	0x1D03      	BTFSS      STATUS, 2
;__Lib_System.c,150 :: 		
0x02AC	0x2AA2      	GOTO       _CC2D_Loop1
;__Lib_System.c,152 :: 		
L_end___CC2DW:
0x02AD	0x0008      	RETURN
; end of ___CC2DW
_main:
0x02AE	0x1283      	BCF        STATUS, 5
0x02AF	0x1303      	BCF        STATUS, 6
0x02B0	0x01A4      	CLRF       _NDFiveS
0x02B1	0x01A5      	CLRF       37
;MyProject.c,49 :: 		void main(void){
;MyProject.c,51 :: 		Mcntr=0;
0x02B2	0x01A6      	CLRF       _Mcntr
0x02B3	0x01A7      	CLRF       _Mcntr+1
;MyProject.c,52 :: 		TRISB = 0xF0; //first 4 bits are output, the rest are input (we need RB4 (Front sensor) and RB5 (Back sensor))
0x02B4	0x30F0      	MOVLW      240
0x02B5	0x1683      	BSF        STATUS, 5
0x02B6	0x0086      	MOVWF      TRISB
;MyProject.c,53 :: 		PORTB = 0x00;
0x02B7	0x1283      	BCF        STATUS, 5
0x02B8	0x0186      	CLRF       PORTB
;MyProject.c,54 :: 		TRISC = 0x00;
0x02B9	0x1683      	BSF        STATUS, 5
0x02BA	0x0187      	CLRF       TRISC
;MyProject.c,55 :: 		PORTC = 0x00; //we choose RC1 for the right motor in pwm (CCP2) and RC2 for the left motor in pwm (CCP1)
0x02BB	0x1283      	BCF        STATUS, 5
0x02BC	0x0187      	CLRF       PORTC
;MyProject.c,56 :: 		TRISD = 0x01;    // echo RD0 (input) , Trigger RD1  (output)
0x02BD	0x3001      	MOVLW      1
0x02BE	0x1683      	BSF        STATUS, 5
0x02BF	0x0088      	MOVWF      TRISD
;MyProject.c,57 :: 		PORTD = 0x00;
0x02C0	0x1283      	BCF        STATUS, 5
0x02C1	0x0188      	CLRF       PORTD
;MyProject.c,59 :: 		TMR0=248;
0x02C2	0x30F8      	MOVLW      248
0x02C3	0x0081      	MOVWF      TMR0
;MyProject.c,60 :: 		OPTION_REG = 0x87;//Fosc/4 with 256 prescaler => incremetn every 0.5us*256=128us ==> overflow 8count*128us=1ms to overflow
0x02C4	0x3087      	MOVLW      135
0x02C5	0x1683      	BSF        STATUS, 5
0x02C6	0x0081      	MOVWF      OPTION_REG
;MyProject.c,61 :: 		INTCON = 0xA0; // GIE, T0IE and INTE (TMR) overflow interrupt and External Interrupt Enable)
0x02C7	0x30A0      	MOVLW      160
0x02C8	0x008B      	MOVWF      INTCON
;MyProject.c,62 :: 		myDelay_ms(5000);
0x02C9	0x3088      	MOVLW      136
0x02CA	0x1283      	BCF        STATUS, 5
0x02CB	0x00AE      	MOVWF      FARG_myDelay_ms_millisec
0x02CC	0x3013      	MOVLW      19
0x02CD	0x00AF      	MOVWF      FARG_myDelay_ms_millisec+1
0x02CE	0x2137      	CALL       _myDelay_ms
;MyProject.c,65 :: 		T2CON = 0x27;//enable Timer2 at Fosc/4 with 1:16 prescaler (8 uS percount 2000uS to count 250 counts)
0x02CF	0x3027      	MOVLW      39
0x02D0	0x0092      	MOVWF      T2CON
;MyProject.c,66 :: 		CCP1CON = 0x0C;//enable PWM for CCP1 , signal on RC2
0x02D1	0x300C      	MOVLW      12
0x02D2	0x0097      	MOVWF      CCP1CON
;MyProject.c,67 :: 		CCP2CON = 0x0C;//enable PWM for CCP2  , signal on RC1
0x02D3	0x300C      	MOVLW      12
0x02D4	0x009D      	MOVWF      CCP2CON
;MyProject.c,68 :: 		PR2 = 250;// 250 counts =8uS *250 =2ms period
0x02D5	0x30FA      	MOVLW      250
0x02D6	0x1683      	BSF        STATUS, 5
0x02D7	0x0092      	MOVWF      PR2
;MyProject.c,70 :: 		T1CON = 0x10;                 //Initialize Timer Module
0x02D8	0x3010      	MOVLW      16
0x02D9	0x1283      	BCF        STATUS, 5
0x02DA	0x0090      	MOVWF      T1CON
;MyProject.c,73 :: 		while(1){
L_main9:
;MyProject.c,74 :: 		Dcmotor();
0x02DB	0x220F      	CALL       _Dcmotor
;MyProject.c,75 :: 		}
0x02DC	0x2ADB      	GOTO       L_main9
;MyProject.c,77 :: 		}
L_end_main:
0x02DD	0x2ADD      	GOTO       $+0
; end of _main
Symbol List:
//** Routines locations **
//ADDRESS    SIZE    PROCEDURE
//----------------------------------------------
0x0004      [92]    _interrupt
0x0060       [7]    _RES032
0x0067      [12]    _SETFUN32
0x0073       [4]    _FIXSIGN32
0x0077       [3]    _SETFDZ32
0x007A      [47]    _NRM3232
0x00A9      [12]    _SETFOV32
0x00B5      [13]    _SETIOV3224
0x00C2      [95]    _double2word
0x0121      [22]    _word2double
0x0137      [26]    _myDelay_ms
0x0151     [183]    _Div_32x32_FP
0x0208       [7]    _____DoICP
0x020F     [147]    _Dcmotor
0x02A2      [12]    ___CC2DW
0x02AE      [48]    _main
//** Variables locations ** 
//ADDRESS    SIZE    VARIABLE
//----------------------------------------------
0x0000       [1]    INDF
0x0001       [1]    TMR0
0x0002       [1]    PCL
0x0003       [1]    STATUS
0x0004       [1]    FSR
0x0006       [1]    PORTB
0x0007       [1]    PORTC
0x0008       [1]    PORTD
0x000A       [1]    PCLATH
0x000B       [1]    INTCON
0x000E       [1]    TMR1L
0x000F       [1]    TMR1H
0x0010       [1]    T1CON
0x0012       [1]    T2CON
0x0015       [1]    CCPR1L
0x0017       [1]    CCP1CON
0x001B       [1]    CCPR2L
0x001D       [1]    CCP2CON
0x0020       [1]    __math_tempbD
0x0024       [2]    _NDFiveS
0x0026       [2]    _Mcntr
0x0028       [2]    _Distance
0x002A       [2]    ___DoICPAddr
0x002C       [1]    ___saveSTATUS
0x002D       [1]    ___savePCLATH
0x002E       [2]    FARG_myDelay_ms_millisec
0x0070       [1]    R0
0x0071       [1]    R1
0x0072       [1]    R2
0x0073       [1]    R3
0x0074       [1]    R4
0x0075       [1]    R5
0x0076       [1]    R6
0x0077       [1]    R7
0x0078       [1]    R8
0x0079       [1]    R9
0x007A       [1]    R10
0x007B       [1]    R11
0x007C       [1]    R12
0x007D       [1]    R13
0x007E       [1]    R14
0x007F       [1]    R15
0x0081       [1]    OPTION_REG
0x0086       [1]    TRISB
0x0087       [1]    TRISC
0x0088       [1]    TRISD
0x0092       [1]    PR2
